#
# A fatal error has been detected by the Java Runtime Environment:
#
#  EXCEPTION_ACCESS_VIOLATION (0xc0000005) at pc=0x0000000062731015, pid=7392, tid=7124
#
# JRE version: Java(TM) SE Runtime Environment (8.0_71-b15) (build 1.8.0_71-b15)
# Java VM: Java HotSpot(TM) 64-Bit Server VM (25.71-b15 mixed mode windows-amd64 compressed oops)
# Problematic frame:
# V  [jvm.dll+0x31015]
#
# Failed to write core dump. Minidumps are not enabled by default on client versions of Windows
#
# If you would like to submit a bug report, please visit:
#   http://bugreport.java.com/bugreport/crash.jsp
#

---------------  T H R E A D  ---------------

Current thread is native thread

siginfo: ExceptionCode=0xc0000005, reading address 0x0000000000000140

Registers:
RAX=0x0000000000000000, RBX=0x00000000001fedf0, RCX=0x000000000000000e, RDX=0x0000000057abf500
RSP=0x00000000001fed90, RBP=0x0000000000000182, RSI=0x00000000001fee88, RDI=0x0000000057abf500
R8 =0x0000000000000004, R9 =0x0000000000000000, R10=0x0000000057abf500, R11=0x0000000002b9a140
R12=0x0000000062d13550, R13=0x00000000029de000, R14=0x0000000057abf500, R15=0x0000000057abf500
RIP=0x0000000062731015, EFLAGS=0x0000000000010246

Top of Stack: (sp=0x00000000001fed90)
0x00000000001fed90:   00000000176b53e8 0000000000000005
0x00000000001feda0:   00000000d60c38e8 0000000000000000
0x00000000001fedb0:   00000000029de000 00000000629749e6
0x00000000001fedc0:   00000000001fee88 00000000029dee10
0x00000000001fedd0:   00000000001fee88 00000000029de000
0x00000000001fede0:   0000000000000000 0000000000000000
0x00000000001fedf0:   0000000057abf500 0000000000000000
0x00000000001fee00:   0000000002906c60 0000000062912862
0x00000000001fee10:   0000000057abf500 00000000001fef10
0x00000000001fee20:   00000000029de000 00000000ffffffff
0x00000000001fee30:   0000000057abf500 000000006293473a
0x00000000001fee40:   00000000001fefb0 000000000000018c
0x00000000001fee50:   0000000057abf500 00000000029de000
0x00000000001fee60:   00000000036b1520 0000000000000000
0x00000000001fee70:   000007fffffd3000 ffffffffffffffff
0x00000000001fee80:   00003992faf708ea 0000000057abf500 

Instructions: (pc=0x0000000062731015)
0x0000000062730ff5:   41 08 00 00 00 00 48 85 d2 74 40 8b 0d b2 66 77
0x0000000062731005:   00 48 89 74 24 30 ff 15 df 23 5a 00 48 89 43 08
0x0000000062731015:   48 8b b0 40 01 00 00 8b 16 3b 56 04 75 08 48 8b
0x0000000062731025:   ce e8 e5 52 21 00 48 63 0e 8d 41 01 89 06 48 8b 


Register to memory mapping:

RAX=0x0000000000000000 is an unknown value
RBX=0x00000000001fedf0 is an unknown value
RCX=0x000000000000000e is an unknown value
RDX={method} {0x0000000057abf508} 'destoryMemIndex' '()V' in 'nginx/clojure/NginxClojureRT'
RSP=0x00000000001fed90 is an unknown value
RBP=0x0000000000000182 is an unknown value
RSI=0x00000000001fee88 is an unknown value
RDI={method} {0x0000000057abf508} 'destoryMemIndex' '()V' in 'nginx/clojure/NginxClojureRT'
R8 =0x0000000000000004 is an unknown value
R9 =0x0000000000000000 is an unknown value
R10={method} {0x0000000057abf508} 'destoryMemIndex' '()V' in 'nginx/clojure/NginxClojureRT'
R11=0x0000000002b9a140 is pointing into the stack for thread: 0x00000000029de000
R12=0x0000000062d13550 is an unknown value
R13=0x00000000029de000 is a thread
R14={method} {0x0000000057abf508} 'destoryMemIndex' '()V' in 'nginx/clojure/NginxClojureRT'
R15={method} {0x0000000057abf508} 'destoryMemIndex' '()V' in 'nginx/clojure/NginxClojureRT'


Stack: [0x0000000000100000,0x0000000000200000],  sp=0x00000000001fed90,  free space=1019k
Native frames: (J=compiled Java code, j=interpreted, Vv=VM code, C=native code)
V  [jvm.dll+0x31015]
V  [jvm.dll+0x2749e6]
V  [jvm.dll+0x212862]
V  [jvm.dll+0x32cf52]
V  [jvm.dll+0x212bf3]
V  [jvm.dll+0x1475a1]
V  [jvm.dll+0x1574e0]
C  [nginx-win64.exe+0xb8f3c]
C  [nginx-win64.exe+0xbee3c]
C  [nginx-win64.exe+0x292b1]
C  [nginx-win64.exe+0x2a703]
C  [nginx-win64.exe+0x2a874]
C  [nginx-win64.exe+0x3ff0]
C  [nginx-win64.exe+0x1ea713]
C  [kernel32.dll+0x159cd]
C  [ntdll.dll+0x2a2e1]


---------------  P R O C E S S  ---------------

VM state:not at safepoint (normal execution)

VM Mutex/Monitor currently owned by a thread: None

Heap:
 PSYoungGen      total 38400K, used 3467K [0x00000000d5d80000, 0x00000000d8800000, 0x0000000100000000)
  eden space 33280K, 10% used [0x00000000d5d80000,0x00000000d60e2c28,0x00000000d7e00000)
  from space 5120K, 0% used [0x00000000d8300000,0x00000000d8300000,0x00000000d8800000)
  to   space 5120K, 0% used [0x00000000d7e00000,0x00000000d7e00000,0x00000000d8300000)
 ParOldGen       total 87552K, used 0K [0x0000000081800000, 0x0000000086d80000, 0x00000000d5d80000)
  object space 87552K, 0% used [0x0000000081800000,0x0000000081800000,0x0000000086d80000)
 Metaspace       used 3479K, capacity 4908K, committed 5120K, reserved 1056768K
  class space    used 388K, capacity 424K, committed 512K, reserved 1048576K

Card table byte_map: [0x0000000012a60000,0x0000000012e60000] byte_map_base: 0x0000000012654000

Marking Bits: (ParMarkBitMap*) 0x0000000062f0f600
 Begin Bits: [0x0000000013370000, 0x0000000015310000)
 End Bits:   [0x0000000015310000, 0x00000000172b0000)

Polling page: 0x0000000001d70000

CodeCache: size=245760Kb used=1290Kb max_used=1290Kb free=244469Kb
 bounds [0x00000000036a0000, 0x0000000003910000, 0x00000000126a0000]
 total_blobs=375 nmethods=111 adapters=177
 compilation: enabled

Compilation events (10 events):
Event: 6.537 Thread 0x0000000059bc0800  107       3       java.lang.ref.Reference::<init> (25 bytes)
Event: 6.537 Thread 0x0000000059bc0800 nmethod 107 0x00000000037dc790 code [0x00000000037dc900, 0x00000000037dcb50]
Event: 6.537 Thread 0x0000000059bc0800  108       1       java.net.URL::getPort (5 bytes)
Event: 6.537 Thread 0x0000000059bc0800 nmethod 108 0x00000000037dc4d0 code [0x00000000037dc620, 0x00000000037dc730]
Event: 6.537 Thread 0x0000000059bc0800  109       1       java.net.URLStreamHandler::getDefaultPort (2 bytes)
Event: 6.537 Thread 0x0000000059bc0800 nmethod 109 0x00000000037dc210 code [0x00000000037dc360, 0x00000000037dc470]
Event: 6.537 Thread 0x0000000059bc0800  110   !   3       java.lang.ClassLoader::loadClass (122 bytes)
Event: 6.539 Thread 0x0000000059bc0800 nmethod 110 0x00000000037dee90 code [0x00000000037df200, 0x00000000037e14f8]
Event: 6.539 Thread 0x0000000059bc0800  111       3       java.lang.ClassLoader::getClassLoadingLock (35 bytes)
Event: 6.539 Thread 0x0000000059bc0800 nmethod 111 0x00000000037e2d10 code [0x00000000037e2e80, 0x00000000037e3228]

GC Heap History (0 events):
No events

Deoptimization events (0 events):
No events

Internal exceptions (2 events):
Event: 0.023 Thread 0x00000000029de000 Exception <a 'java/lang/NoSuchMethodError': Method sun.misc.Unsafe.defineClass(Ljava/lang/String;[BII)Ljava/lang/Class; name or signature does not match> (0x00000000d5d8d968) thrown at [C:\re\workspace\8-2-build-windows-amd64-cygwin\jdk8u71\5731\hotspot\srbp‚0¤*—?
Event: 0.023 Thread 0x00000000029de000 Exception <a 'java/lang/NoSuchMethodError': Method sun.misc.Unsafe.prefetchRead(Ljava/lang/Object;J)V name or signature does not match> (0x00000000d5d8dc50) thrown at [C:\re\workspace\8-2-build-windows-amd64-cygwin\jdk8u71\5731\hotspot\src\share\vm\prims\j

Events (10 events):
Event: 6.536 loading class nginx/clojure/java/JavaLazyHeaderMap
Event: 6.536 loading class nginx/clojure/java/JavaLazyHeaderMap done
Event: 6.537 loading class nginx/clojure/java/PickerPoweredIterator$Picker
Event: 6.537 loading class nginx/clojure/java/PickerPoweredIterator$Picker done
Event: 6.537 loading class java/nio/ByteBufferAsLongBufferL
Event: 6.538 loading class java/nio/ByteBufferAsLongBufferL done
Event: 6.538 loading class nginx/clojure/java/NginxJavaResponse
Event: 6.538 loading class nginx/clojure/java/NginxJavaResponse done
Event: 6.538 loading class nginx/clojure/NginxSimpleResponse
Event: 6.538 loading class nginx/clojure/NginxSimpleResponse done


Dynamic libraries:
0x000000013fae0000 - 0x000000013fec6000 	D:\Nginx\Clojure\nginx-clojure-0.4.4\nginx-win64.exe
0x00000000776a0000 - 0x000000007784a000 	C:\Windows\SYSTEM32\ntdll.dll
0x0000000077480000 - 0x000000007759f000 	C:\Windows\system32\kernel32.dll
0x000007fefd670000 - 0x000007fefd6da000 	C:\Windows\system32\KERNELBASE.dll
0x00000000775a0000 - 0x000000007769a000 	C:\Windows\system32\USER32.dll
0x000007fefe0b0000 - 0x000007fefe117000 	C:\Windows\system32\GDI32.dll
0x000007fefde20000 - 0x000007fefde2e000 	C:\Windows\system32\LPK.dll
0x000007fefd8a0000 - 0x000007fefd96a000 	C:\Windows\system32\USP10.dll
0x000007feff830000 - 0x000007feff8cf000 	C:\Windows\system32\msvcrt.dll
0x000007fefd7c0000 - 0x000007fefd89b000 	C:\Windows\system32\ADVAPI32.dll
0x000007fefe420000 - 0x000007fefe43f000 	C:\Windows\SYSTEM32\sechost.dll
0x000007fefe720000 - 0x000007fefe84d000 	C:\Windows\system32\RPCRT4.dll
0x000007fefe060000 - 0x000007fefe0ad000 	C:\Windows\system32\WS2_32.dll
0x000007fefe390000 - 0x000007fefe398000 	C:\Windows\system32\NSI.dll
0x000007fefd410000 - 0x000007fefd57d000 	C:\Windows\system32\CRYPT32.dll
0x000007fefd3e0000 - 0x000007fefd3ef000 	C:\Windows\system32\MSASN1.dll
0x000007fefd790000 - 0x000007fefd7be000 	C:\Windows\system32\IMM32.DLL
0x000007feff660000 - 0x000007feff769000 	C:\Windows\system32\MSCTF.dll
0x000007fefcb60000 - 0x000007fefcbb5000 	C:\Windows\system32\mswsock.dll
0x000007fefc580000 - 0x000007fefc587000 	C:\Windows\System32\wshtcpip.dll
0x000007fefb130000 - 0x000007fefb145000 	C:\Windows\system32\NLAapi.dll
0x000007fefa190000 - 0x000007fefa1a5000 	C:\Windows\system32\napinsp.dll
0x000007fefa1b0000 - 0x000007fefa1c9000 	C:\Windows\system32\pnrpnsp.dll
0x000007fefc9f0000 - 0x000007fefca4b000 	C:\Windows\system32\DNSAPI.dll
0x000007fefa180000 - 0x000007fefa18b000 	C:\Windows\System32\winrnr.dll
0x0000000074ef0000 - 0x0000000074f16000 	C:\Program Files\Bonjour\mdnsNSP.dll
0x000007fefaea0000 - 0x000007fefaec7000 	C:\Windows\system32\Iphlpapi.DLL
0x000007fefae60000 - 0x000007fefae6b000 	C:\Windows\system32\WINNSI.DLL
0x000007fefccb0000 - 0x000007fefccc8000 	C:\Windows\system32\CRYPTSP.dll
0x000007fefc880000 - 0x000007fefc8c7000 	C:\Windows\system32\rsaenh.dll
0x000007fefd1d0000 - 0x000007fefd1df000 	C:\Windows\system32\CRYPTBASE.dll
0x0000000062700000 - 0x0000000062f8f000 	C:\Program Files\Java\jre1.8.0_71\bin\server\jvm.dll
0x000007fef8630000 - 0x000007fef8639000 	C:\Windows\system32\WSOCK32.dll
0x000007fefb150000 - 0x000007fefb18b000 	C:\Windows\system32\WINMM.dll
0x000007fefc4b0000 - 0x000007fefc4bc000 	C:\Windows\system32\VERSION.dll
0x0000000077870000 - 0x0000000077877000 	C:\Windows\system32\PSAPI.DLL
0x0000000074220000 - 0x00000000742f2000 	C:\Windows\system32\MSVCR100.dll
0x000000006e560000 - 0x000000006e56f000 	C:\Program Files\Java\jre1.8.0_71\bin\verify.dll
0x000000006e530000 - 0x000000006e559000 	C:\Program Files\Java\jre1.8.0_71\bin\java.dll
0x000000006e510000 - 0x000000006e526000 	C:\Program Files\Java\jre1.8.0_71\bin\zip.dll
0x000007fefe8d0000 - 0x000007feff65a000 	C:\Windows\system32\SHELL32.dll
0x000007fefe3a0000 - 0x000007fefe411000 	C:\Windows\system32\SHLWAPI.dll
0x000007fefe180000 - 0x000007fefe383000 	C:\Windows\system32\ole32.dll
0x000007fefd3d0000 - 0x000007fefd3df000 	C:\Windows\system32\profapi.dll
0x000000006e470000 - 0x000000006e47d000 	C:\Program Files\Java\jre1.8.0_71\bin\management.dll
0x000000006e4f0000 - 0x000000006e50a000 	C:\Program Files\Java\jre1.8.0_71\bin\net.dll
0x000007fefcd40000 - 0x000007fefcd47000 	C:\Windows\System32\wship6.dll
0x000007fefa230000 - 0x000007fefa238000 	C:\Windows\system32\rasadhlp.dll
0x000007fefada0000 - 0x000007fefadf3000 	C:\Windows\System32\fwpuclnt.dll
0x000007fef3170000 - 0x000007fef3295000 	C:\Windows\system32\dbghelp.dll

VM Arguments:
java_command: <unknown>
java_class_path (initial): jars/nginx-clojure-0.4.4.jar;jars/nginx-clojure-embed-0.4.4.jar;jars/nginx-jersey-0.1.3.jar;jars/nginx-tomcat8-0.2.3.jar;jars/nginxRouter-0.0.1-SNAPSHOT.jar
Launcher Type: generic

Environment Variables:
JAVA_HOME=C:\Program Files\Java\jdk1.8.0_71
PATH=C:\ProgramData\Oracle\Java\javapath;D:\javaDevelopementTools\apache-ant-1.7.0-bin\apache-ant-1.7.0\bin;D:\javaDevelopementTools\apache-maven-3.0.5-bin\apache-maven-3.0.5\bin;D:\javaDevelopementTools\apache-maven-3.1.0\bin;D:\javaDevelopementTools\apache-activemq-5.8.0\bin;C:\Program Files\Java\jdk1.8.0_71\bin;D:\javaDevelopementTools\apache-maven-3.0.5-bin\apache-maven-3.0.5\bin;D:\javaDevelopementTools\apache-ant-1.7.0-bin\apache-ant-1.7.0\bin;C:\Windows\system32;C:\Windows;C:\Windows\System32\Wbem;C:\Program Files (x86)\Microsoft ASP.NET\ASP.NET Web Pages\v1.0\;C:\Program Files (x86)\Windows Kits\8.0\Windows Performance Toolkit\;C:\Program Files\Microsoft SQL Server\110\Tools\Binn\;C:\Program Files (x86)\Microsoft SQL Server\100\Tools\Binn\;C:\Program Files\Microsoft SQL Server\100\Tools\Binn\;C:\Program Files\Microsoft SQL Server\100\DTS\Binn\;C:\Program Files (x86)\Microsoft SQL Server\100\Tools\Binn\VSShell\Common7\IDE\;C:\Program Files (x86)\Microsoft Visual Studio 9.0\Common7\IDE\PrivateAssemblies\;C:\Program Files (x86)\Microsoft SQL Server\100\DTS\Binn\;C:\Program Files\Microsoft\Web Platform D:\javaDevelopementTools\apache-maven-3.1.0\bin;%CATALINA_HOME%\bin;%MAVEN_HOME\bin%;Installer\;C:\Program Files\TortoiseSVN\bin;D:\cURL\curl-7.40.0-win64\bin;C:\Program Files\Microsoft\Web Platform Installer\;C:\Windows\System32\WindowsPowerShell\v1.0\;C:\Windows\System32\WindowsPowerShell\v1.0\;C:\Program Files (x86)\Nmap
USERNAME=prasad.n
OS=Windows_NT
PROCESSOR_IDENTIFIER=Intel64 Family 6 Model 58 Stepping 9, GenuineIntel



---------------  S Y S T E M  ---------------

OS: Windows 7 , 64 bit Build 7601 (6.1.7601.23543)

CPU:total 4 (4 cores per cpu, 1 threads per core) family 6 model 58 stepping 9, cmov, cx8, fxsr, mmx, sse, sse2, sse3, ssse3, sse4.1, sse4.2, popcnt, avx, aes, clmul, erms, tsc, tscinvbit, tscinv

Memory: 4k page, physical 8288336k(1930368k free), swap 16574812k(7630616k free)

vm_info: Java HotSpot(TM) 64-Bit Server VM (25.71-b15) for windows-amd64 JRE (1.8.0_71-b15), built on Dec 22 2015 18:15:55 by "java_re" with MS VC++ 10.0 (VS2010)

time: Tue Nov 08 18:45:11 2016
elapsed time: 18846 seconds (0d 5h 14m 6s)

